c:\users\kendr\onedrive - uw\css 343 data structures\new folder\x64\debug\vc142.pdb
c:\users\kendr\onedrive - uw\css 343 data structures\new folder\x64\debug\vc142.idb
c:\users\kendr\onedrive - uw\css 343 data structures\new folder\x64\debug\periodicalbook.obj
c:\users\kendr\onedrive - uw\css 343 data structures\new folder\x64\debug\main.obj
c:\users\kendr\onedrive - uw\css 343 data structures\new folder\x64\debug\library.obj
c:\users\kendr\onedrive - uw\css 343 data structures\new folder\x64\debug\item.obj
c:\users\kendr\onedrive - uw\css 343 data structures\new folder\x64\debug\fictionbook.obj
c:\users\kendr\onedrive - uw\css 343 data structures\new folder\x64\debug\childrenbook.obj
c:\users\kendr\onedrive - uw\css 343 data structures\new folder\x64\debug\bookfactory.obj
c:\users\kendr\onedrive - uw\css 343 data structures\new folder\x64\debug\bookcontainer.obj
c:\users\kendr\onedrive - uw\css 343 data structures\new folder\x64\debug\bookcase.obj
c:\users\kendr\onedrive - uw\css 343 data structures\new folder\x64\debug\book.obj
c:\users\kendr\onedrive - uw\css 343 data structures\new folder\x64\debug\lab4343.exe
c:\users\kendr\onedrive - uw\css 343 data structures\new folder\x64\debug\lab4343.ilk
c:\users\kendr\onedrive - uw\css 343 data structures\new folder\x64\debug\lab4343.pdb
c:\users\kendr\onedrive - uw\css 343 data structures\new folder\x64\debug\bookcase.obj.enc
c:\users\kendr\onedrive - uw\css 343 data structures\new folder\x64\debug\bookcontainer.obj.enc
c:\users\kendr\onedrive - uw\css 343 data structures\new folder\x64\debug\bookfactory.obj.enc
c:\users\kendr\onedrive - uw\css 343 data structures\new folder\x64\debug\main.obj.enc
c:\users\kendr\onedrive - uw\css 343 data structures\new folder\x64\debug\lab4343.tlog\cl.command.1.tlog
c:\users\kendr\onedrive - uw\css 343 data structures\new folder\x64\debug\lab4343.tlog\cl.read.1.tlog
c:\users\kendr\onedrive - uw\css 343 data structures\new folder\x64\debug\lab4343.tlog\cl.write.1.tlog
c:\users\kendr\onedrive - uw\css 343 data structures\new folder\x64\debug\lab4343.tlog\link.command.1.tlog
c:\users\kendr\onedrive - uw\css 343 data structures\new folder\x64\debug\lab4343.tlog\link.read.1.tlog
c:\users\kendr\onedrive - uw\css 343 data structures\new folder\x64\debug\lab4343.tlog\link.write.1.tlog
